Traceback (most recent call last):
  File "/private/home/dejang/.conda/envs/compiler_gym/lib/python3.8/runpy.py", line 194, in _run_module_as_main
    return _run_code(code, main_globals, None,
  File "/private/home/dejang/.conda/envs/compiler_gym/lib/python3.8/runpy.py", line 87, in _run_code
    exec(code, run_globals)
  File "/private/home/dejang/.conda/envs/compiler_gym/lib/python3.8/site-packages/submitit/core/_submit.py", line 11, in <module>
    submitit_main()
  File "/private/home/dejang/.conda/envs/compiler_gym/lib/python3.8/site-packages/submitit/core/submission.py", line 72, in submitit_main
    process_job(args.folder)
  File "/private/home/dejang/.conda/envs/compiler_gym/lib/python3.8/site-packages/submitit/core/submission.py", line 47, in process_job
    raise RuntimeError(
RuntimeError: Waited for 60 seconds but could not find submitted jobs in path:
/private/home/dejang/tools/loop_tool_env/loop_tool_service/models/cost_model/cost/submitit_logs/61397889_submitted.pkl
srun: error: learnfair5205: task 0: Exited with exit code 1
srun: launch/slurm: _step_signal: Terminating StepId=61397889.0
